2023-11-23 10:41:41,848   INFO  **********************Start logging**********************
2023-11-23 10:41:41,849   INFO  CUDA_VISIBLE_DEVICES=2
2023-11-23 10:41:41,849   INFO  Training with a single process
2023-11-23 10:41:41,849   INFO  cfg_file         ./tools/cfgs/nuscenes_models/unitr_cam.yaml
2023-11-23 10:41:41,849   INFO  batch_size       3
2023-11-23 10:41:41,849   INFO  epochs           10
2023-11-23 10:41:41,850   INFO  workers          4
2023-11-23 10:41:41,850   INFO  extra_tag        default
2023-11-23 10:41:41,850   INFO  ckpt             None
2023-11-23 10:41:41,850   INFO  pretrained_model None
2023-11-23 10:41:41,850   INFO  launcher         none
2023-11-23 10:41:41,851   INFO  tcp_port         18888
2023-11-23 10:41:41,851   INFO  sync_bn          False
2023-11-23 10:41:41,851   INFO  fix_random_seed  False
2023-11-23 10:41:41,851   INFO  ckpt_save_interval 1
2023-11-23 10:41:41,852   INFO  local_rank       0
2023-11-23 10:41:41,852   INFO  max_ckpt_save_num 30
2023-11-23 10:41:41,852   INFO  merge_all_iters_to_one_epoch False
2023-11-23 10:41:41,852   INFO  set_cfgs         None
2023-11-23 10:41:41,852   INFO  max_waiting_mins 0
2023-11-23 10:41:41,853   INFO  start_epoch      0
2023-11-23 10:41:41,853   INFO  num_epochs_to_eval 0
2023-11-23 10:41:41,853   INFO  save_to_file     False
2023-11-23 10:41:41,853   INFO  use_tqdm_to_record False
2023-11-23 10:41:41,854   INFO  logger_iter_interval 50
2023-11-23 10:41:41,854   INFO  ckpt_save_time_interval 300
2023-11-23 10:41:41,854   INFO  wo_gpu_stat      False
2023-11-23 10:41:41,854   INFO  use_amp          False
2023-11-23 10:41:41,854   INFO  eval_map         False
2023-11-23 10:41:41,855   INFO  cfg.ROOT_DIR: /mnt/sdb/yc/UniTR-main
2023-11-23 10:41:41,855   INFO  cfg.LOCAL_RANK: 0
2023-11-23 10:41:41,855   INFO  cfg.CLASS_NAMES: ['car', 'truck', 'construction_vehicle', 'bus', 'trailer', 'barrier', 'motorcycle', 'bicycle', 'pedestrian', 'traffic_cone']
2023-11-23 10:41:41,855   INFO  ----------- DATA_CONFIG -----------
2023-11-23 10:41:41,856   INFO  cfg.DATA_CONFIG.DATASET: NuScenesDataset
2023-11-23 10:41:41,856   INFO  cfg.DATA_CONFIG.DATA_PATH: data/nuscenes
2023-11-23 10:41:41,856   INFO  cfg.DATA_CONFIG.VERSION: v1.0-mini
2023-11-23 10:41:41,856   INFO  cfg.DATA_CONFIG.MAX_SWEEPS: 10
2023-11-23 10:41:41,856   INFO  cfg.DATA_CONFIG.PRED_VELOCITY: True
2023-11-23 10:41:41,857   INFO  cfg.DATA_CONFIG.SET_NAN_VELOCITY_TO_ZEROS: True
2023-11-23 10:41:41,857   INFO  cfg.DATA_CONFIG.FILTER_MIN_POINTS_IN_GT: 1
2023-11-23 10:41:41,857   INFO  ----------- DATA_SPLIT -----------
2023-11-23 10:41:41,857   INFO  cfg.DATA_CONFIG.DATA_SPLIT.train: train
2023-11-23 10:41:41,858   INFO  cfg.DATA_CONFIG.DATA_SPLIT.test: val
2023-11-23 10:41:41,858   INFO  ----------- INFO_PATH -----------
2023-11-23 10:41:41,858   INFO  cfg.DATA_CONFIG.INFO_PATH.train: ['nuscenes_infos_10sweeps_train.pkl']
2023-11-23 10:41:41,858   INFO  cfg.DATA_CONFIG.INFO_PATH.test: ['nuscenes_infos_10sweeps_val.pkl']
2023-11-23 10:41:41,858   INFO  cfg.DATA_CONFIG.POINT_CLOUD_RANGE: [-54.0, -54.0, -5.0, 54.0, 54.0, 3.0]
2023-11-23 10:41:41,859   INFO  cfg.DATA_CONFIG.BALANCED_RESAMPLING: True
2023-11-23 10:41:41,859   INFO  ----------- DATA_AUGMENTOR -----------
2023-11-23 10:41:41,859   INFO  cfg.DATA_CONFIG.DATA_AUGMENTOR.DISABLE_AUG_LIST: ['placeholder']
2023-11-23 10:41:41,859   INFO  cfg.DATA_CONFIG.DATA_AUGMENTOR.AUG_CONFIG_LIST: [{'NAME': 'gt_sampling', 'IMG_AUG_TYPE': 'nuscenes', 'IMG_AUG_MIXUP': 0.7, 'DB_INFO_PATH': ['nuscenes_dbinfos_10sweeps_withvelo.pkl'], 'PREPARE': {'filter_by_min_points': ['car:5', 'truck:5', 'construction_vehicle:5', 'bus:5', 'trailer:5', 'barrier:5', 'motorcycle:5', 'bicycle:5', 'pedestrian:5', 'traffic_cone:5']}, 'USE_SHARED_MEMORY': False, 'DB_DATA_PATH': ['nuscenes_10sweeps_withvelo_lidar.npy', 'nuscenes_10sweeps_withvelo_img.npy'], 'SAMPLE_GROUPS': ['car:2', 'truck:3', 'construction_vehicle:7', 'bus:4', 'trailer:6', 'barrier:2', 'motorcycle:6', 'bicycle:6', 'pedestrian:2', 'traffic_cone:2'], 'NUM_POINT_FEATURES': 5, 'DATABASE_WITH_FAKELIDAR': False, 'REMOVE_EXTRA_WIDTH': [0.0, 0.0, 0.0], 'LIMIT_WHOLE_SCENE': True, 'use_hf': False, 'fr_path': '/private_dataset/nuscenes_pcdet/v1.0-trainval/gt_database_10sweeps_withvelo', 'fr_num': 54899}, {'NAME': 'random_world_flip', 'ALONG_AXIS_LIST': ['x', 'y']}, {'NAME': 'random_world_rotation', 'WORLD_ROT_ANGLE': [-0.78539816, 0.78539816]}, {'NAME': 'random_world_scaling', 'WORLD_SCALE_RANGE': [0.9, 1.1]}, {'NAME': 'random_world_translation', 'NOISE_TRANSLATE_STD': [0.5, 0.5, 0.5]}, {'NAME': 'imgaug', 'ROT_LIM': [-5.4, 5.4], 'RAND_FLIP': True}]
2023-11-23 10:41:41,860   INFO  ----------- POINT_FEATURE_ENCODING -----------
2023-11-23 10:41:41,860   INFO  cfg.DATA_CONFIG.POINT_FEATURE_ENCODING.encoding_type: absolute_coordinates_encoding
2023-11-23 10:41:41,860   INFO  cfg.DATA_CONFIG.POINT_FEATURE_ENCODING.used_feature_list: ['x', 'y', 'z', 'intensity', 'timestamp']
2023-11-23 10:41:41,860   INFO  cfg.DATA_CONFIG.POINT_FEATURE_ENCODING.src_feature_list: ['x', 'y', 'z', 'intensity', 'timestamp']
2023-11-23 10:41:41,861   INFO  cfg.DATA_CONFIG.DATA_PROCESSOR: [{'NAME': 'mask_points_and_boxes_outside_range', 'REMOVE_OUTSIDE_BOXES': True}, {'NAME': 'shuffle_points', 'SHUFFLE_ENABLED': {'train': True, 'test': True}}, {'NAME': 'transform_points_to_voxels_placeholder', 'VOXEL_SIZE': [0.3, 0.3, 8.0]}, {'NAME': 'image_calibrate'}, {'NAME': 'image_normalize', 'mean': [0.485, 0.456, 0.406], 'std': [0.229, 0.224, 0.225]}]
2023-11-23 10:41:41,861   INFO  cfg.DATA_CONFIG._BASE_CONFIG_: cfgs/dataset_configs/nuscenes_mini_dataset.yaml
2023-11-23 10:41:41,861   INFO  ----------- CAMERA_CONFIG -----------
2023-11-23 10:41:41,861   INFO  cfg.DATA_CONFIG.CAMERA_CONFIG.USE_CAMERA: True
2023-11-23 10:41:41,861   INFO  ----------- IMAGE -----------
2023-11-23 10:41:41,862   INFO  cfg.DATA_CONFIG.CAMERA_CONFIG.IMAGE.FINAL_DIM: [256, 704]
2023-11-23 10:41:41,862   INFO  cfg.DATA_CONFIG.CAMERA_CONFIG.IMAGE.RESIZE_LIM_TRAIN: [0.38, 0.55]
2023-11-23 10:41:41,862   INFO  cfg.DATA_CONFIG.CAMERA_CONFIG.IMAGE.RESIZE_LIM_TEST: [0.48, 0.48]
2023-11-23 10:41:41,862   INFO  ----------- MODEL -----------
2023-11-23 10:41:41,863   INFO  cfg.MODEL.NAME: UniTRCAM
2023-11-23 10:41:41,863   INFO  ----------- MM_BACKBONE -----------
2023-11-23 10:41:41,863   INFO  cfg.MODEL.MM_BACKBONE.NAME: UniTR
2023-11-23 10:41:41,863   INFO  ----------- PATCH_EMBED -----------
2023-11-23 10:41:41,863   INFO  cfg.MODEL.MM_BACKBONE.PATCH_EMBED.in_channels: 3
2023-11-23 10:41:41,864   INFO  cfg.MODEL.MM_BACKBONE.PATCH_EMBED.image_size: [256, 704]
2023-11-23 10:41:41,864   INFO  cfg.MODEL.MM_BACKBONE.PATCH_EMBED.embed_dims: 128
2023-11-23 10:41:41,864   INFO  cfg.MODEL.MM_BACKBONE.PATCH_EMBED.patch_size: 8
2023-11-23 10:41:41,864   INFO  cfg.MODEL.MM_BACKBONE.PATCH_EMBED.patch_norm: True
2023-11-23 10:41:41,865   INFO  ----------- norm_cfg -----------
2023-11-23 10:41:41,865   INFO  cfg.MODEL.MM_BACKBONE.PATCH_EMBED.norm_cfg.type: LN
2023-11-23 10:41:41,865   INFO  ----------- IMAGE_INPUT_LAYER -----------
2023-11-23 10:41:41,865   INFO  cfg.MODEL.MM_BACKBONE.IMAGE_INPUT_LAYER.sparse_shape: [32, 88, 1]
2023-11-23 10:41:41,865   INFO  cfg.MODEL.MM_BACKBONE.IMAGE_INPUT_LAYER.d_model: [128]
2023-11-23 10:41:41,866   INFO  cfg.MODEL.MM_BACKBONE.IMAGE_INPUT_LAYER.set_info: [[90, 4]]
2023-11-23 10:41:41,866   INFO  cfg.MODEL.MM_BACKBONE.IMAGE_INPUT_LAYER.window_shape: [[30, 30, 1]]
2023-11-23 10:41:41,866   INFO  cfg.MODEL.MM_BACKBONE.IMAGE_INPUT_LAYER.hybrid_factor: [1, 1, 1]
2023-11-23 10:41:41,866   INFO  cfg.MODEL.MM_BACKBONE.IMAGE_INPUT_LAYER.shifts_list: [[[0, 0, 0], [15, 15, 0]]]
2023-11-23 10:41:41,867   INFO  cfg.MODEL.MM_BACKBONE.IMAGE_INPUT_LAYER.input_image: True
2023-11-23 10:41:41,867   INFO  ----------- LIDAR_INPUT_LAYER -----------
2023-11-23 10:41:41,867   INFO  cfg.MODEL.MM_BACKBONE.LIDAR_INPUT_LAYER.sparse_shape: [360, 360, 1]
2023-11-23 10:41:41,867   INFO  cfg.MODEL.MM_BACKBONE.LIDAR_INPUT_LAYER.d_model: [128]
2023-11-23 10:41:41,868   INFO  cfg.MODEL.MM_BACKBONE.LIDAR_INPUT_LAYER.set_info: [[90, 4]]
2023-11-23 10:41:41,868   INFO  cfg.MODEL.MM_BACKBONE.LIDAR_INPUT_LAYER.window_shape: [[30, 30, 1]]
2023-11-23 10:41:41,868   INFO  cfg.MODEL.MM_BACKBONE.LIDAR_INPUT_LAYER.hybrid_factor: [1, 1, 1]
2023-11-23 10:41:41,868   INFO  cfg.MODEL.MM_BACKBONE.LIDAR_INPUT_LAYER.shifts_list: [[[0, 0, 0], [15, 15, 0]]]
2023-11-23 10:41:41,868   INFO  cfg.MODEL.MM_BACKBONE.set_info: [[90, 4]]
2023-11-23 10:41:41,869   INFO  cfg.MODEL.MM_BACKBONE.d_model: [128]
2023-11-23 10:41:41,869   INFO  cfg.MODEL.MM_BACKBONE.nhead: [8]
2023-11-23 10:41:41,869   INFO  cfg.MODEL.MM_BACKBONE.dim_feedforward: [256]
2023-11-23 10:41:41,869   INFO  cfg.MODEL.MM_BACKBONE.dropout: 0.0
2023-11-23 10:41:41,870   INFO  cfg.MODEL.MM_BACKBONE.activation: gelu
2023-11-23 10:41:41,870   INFO  cfg.MODEL.MM_BACKBONE.checkpoint_blocks: [0, 1, 2, 3]
2023-11-23 10:41:41,870   INFO  ----------- layer_cfg -----------
2023-11-23 10:41:41,870   INFO  cfg.MODEL.MM_BACKBONE.layer_cfg.use_bn: False
2023-11-23 10:41:41,870   INFO  cfg.MODEL.MM_BACKBONE.layer_cfg.split_ffn: True
2023-11-23 10:41:41,871   INFO  cfg.MODEL.MM_BACKBONE.layer_cfg.split_residual: True
2023-11-23 10:41:41,871   INFO  cfg.MODEL.MM_BACKBONE.FUSE_BACKBONE: None
2023-11-23 10:41:41,871   INFO  ----------- VFE -----------
2023-11-23 10:41:41,871   INFO  cfg.MODEL.VFE.NAME: DynPillarVFE
2023-11-23 10:41:41,872   INFO  cfg.MODEL.VFE.WITH_DISTANCE: False
2023-11-23 10:41:41,872   INFO  cfg.MODEL.VFE.USE_ABSLOTE_XYZ: True
2023-11-23 10:41:41,872   INFO  cfg.MODEL.VFE.USE_NORM: True
2023-11-23 10:41:41,872   INFO  cfg.MODEL.VFE.NUM_FILTERS: [128, 128]
2023-11-23 10:41:41,872   INFO  ----------- MAP_TO_BEV -----------
2023-11-23 10:41:41,873   INFO  cfg.MODEL.MAP_TO_BEV.NAME: PointPillarScatter3d
2023-11-23 10:41:41,873   INFO  cfg.MODEL.MAP_TO_BEV.INPUT_SHAPE: [360, 360, 1]
2023-11-23 10:41:41,873   INFO  cfg.MODEL.MAP_TO_BEV.NUM_BEV_FEATURES: 128
2023-11-23 10:41:41,873   INFO  ----------- BACKBONE_2D -----------
2023-11-23 10:41:41,874   INFO  cfg.MODEL.BACKBONE_2D.NAME: BaseBEVResBackbone
2023-11-23 10:41:41,874   INFO  cfg.MODEL.BACKBONE_2D.LAYER_NUMS: [1, 2, 2, 2]
2023-11-23 10:41:41,874   INFO  cfg.MODEL.BACKBONE_2D.LAYER_STRIDES: [1, 2, 2, 2]
2023-11-23 10:41:41,874   INFO  cfg.MODEL.BACKBONE_2D.NUM_FILTERS: [128, 128, 256, 256]
2023-11-23 10:41:41,874   INFO  cfg.MODEL.BACKBONE_2D.UPSAMPLE_STRIDES: [0.5, 1, 2, 4]
2023-11-23 10:41:41,875   INFO  cfg.MODEL.BACKBONE_2D.NUM_UPSAMPLE_FILTERS: [128, 128, 128, 128]
2023-11-23 10:41:41,875   INFO  ----------- DENSE_HEAD -----------
2023-11-23 10:41:41,875   INFO  cfg.MODEL.DENSE_HEAD.CLASS_AGNOSTIC: False
2023-11-23 10:41:41,875   INFO  cfg.MODEL.DENSE_HEAD.NAME: TransFusionHead
2023-11-23 10:41:41,876   INFO  cfg.MODEL.DENSE_HEAD.QUERY_RADIUS: 20
2023-11-23 10:41:41,876   INFO  cfg.MODEL.DENSE_HEAD.QUERY_LOCAL: True
2023-11-23 10:41:41,876   INFO  cfg.MODEL.DENSE_HEAD.USE_BIAS_BEFORE_NORM: True
2023-11-23 10:41:41,876   INFO  cfg.MODEL.DENSE_HEAD.NUM_PROPOSALS: 200
2023-11-23 10:41:41,876   INFO  cfg.MODEL.DENSE_HEAD.HIDDEN_CHANNEL: 128
2023-11-23 10:41:41,877   INFO  cfg.MODEL.DENSE_HEAD.NUM_CLASSES: 10
2023-11-23 10:41:41,877   INFO  cfg.MODEL.DENSE_HEAD.NUM_HEADS: 8
2023-11-23 10:41:41,877   INFO  cfg.MODEL.DENSE_HEAD.NMS_KERNEL_SIZE: 3
2023-11-23 10:41:41,877   INFO  cfg.MODEL.DENSE_HEAD.FFN_CHANNEL: 256
2023-11-23 10:41:41,878   INFO  cfg.MODEL.DENSE_HEAD.DROPOUT: 0.1
2023-11-23 10:41:41,878   INFO  cfg.MODEL.DENSE_HEAD.BN_MOMENTUM: 0.1
2023-11-23 10:41:41,878   INFO  cfg.MODEL.DENSE_HEAD.ACTIVATION: relu
2023-11-23 10:41:41,878   INFO  cfg.MODEL.DENSE_HEAD.NUM_HM_CONV: 2
2023-11-23 10:41:41,878   INFO  ----------- SEPARATE_HEAD_CFG -----------
2023-11-23 10:41:41,879   INFO  cfg.MODEL.DENSE_HEAD.SEPARATE_HEAD_CFG.HEAD_ORDER: ['center', 'height', 'dim', 'rot', 'vel', 'iou']
2023-11-23 10:41:41,879   INFO  ----------- HEAD_DICT -----------
2023-11-23 10:41:41,879   INFO  ----------- center -----------
2023-11-23 10:41:41,879   INFO  cfg.MODEL.DENSE_HEAD.SEPARATE_HEAD_CFG.HEAD_DICT.center.out_channels: 2
2023-11-23 10:41:41,880   INFO  cfg.MODEL.DENSE_HEAD.SEPARATE_HEAD_CFG.HEAD_DICT.center.num_conv: 2
2023-11-23 10:41:41,880   INFO  ----------- height -----------
2023-11-23 10:41:41,880   INFO  cfg.MODEL.DENSE_HEAD.SEPARATE_HEAD_CFG.HEAD_DICT.height.out_channels: 1
2023-11-23 10:41:41,880   INFO  cfg.MODEL.DENSE_HEAD.SEPARATE_HEAD_CFG.HEAD_DICT.height.num_conv: 2
2023-11-23 10:41:41,881   INFO  ----------- dim -----------
2023-11-23 10:41:41,881   INFO  cfg.MODEL.DENSE_HEAD.SEPARATE_HEAD_CFG.HEAD_DICT.dim.out_channels: 3
2023-11-23 10:41:41,881   INFO  cfg.MODEL.DENSE_HEAD.SEPARATE_HEAD_CFG.HEAD_DICT.dim.num_conv: 2
2023-11-23 10:41:41,881   INFO  ----------- rot -----------
2023-11-23 10:41:41,882   INFO  cfg.MODEL.DENSE_HEAD.SEPARATE_HEAD_CFG.HEAD_DICT.rot.out_channels: 2
2023-11-23 10:41:41,882   INFO  cfg.MODEL.DENSE_HEAD.SEPARATE_HEAD_CFG.HEAD_DICT.rot.num_conv: 2
2023-11-23 10:41:41,882   INFO  ----------- vel -----------
2023-11-23 10:41:41,882   INFO  cfg.MODEL.DENSE_HEAD.SEPARATE_HEAD_CFG.HEAD_DICT.vel.out_channels: 2
2023-11-23 10:41:41,882   INFO  cfg.MODEL.DENSE_HEAD.SEPARATE_HEAD_CFG.HEAD_DICT.vel.num_conv: 2
2023-11-23 10:41:41,883   INFO  ----------- iou -----------
2023-11-23 10:41:41,883   INFO  cfg.MODEL.DENSE_HEAD.SEPARATE_HEAD_CFG.HEAD_DICT.iou.out_channels: 1
2023-11-23 10:41:41,883   INFO  cfg.MODEL.DENSE_HEAD.SEPARATE_HEAD_CFG.HEAD_DICT.iou.num_conv: 2
2023-11-23 10:41:41,883   INFO  ----------- TARGET_ASSIGNER_CONFIG -----------
2023-11-23 10:41:41,884   INFO  cfg.MODEL.DENSE_HEAD.TARGET_ASSIGNER_CONFIG.FEATURE_MAP_STRIDE: 2
2023-11-23 10:41:41,884   INFO  cfg.MODEL.DENSE_HEAD.TARGET_ASSIGNER_CONFIG.DATASET: nuScenes
2023-11-23 10:41:41,884   INFO  cfg.MODEL.DENSE_HEAD.TARGET_ASSIGNER_CONFIG.GAUSSIAN_OVERLAP: 0.1
2023-11-23 10:41:41,884   INFO  cfg.MODEL.DENSE_HEAD.TARGET_ASSIGNER_CONFIG.MIN_RADIUS: 2
2023-11-23 10:41:41,884   INFO  ----------- HUNGARIAN_ASSIGNER -----------
2023-11-23 10:41:41,885   INFO  ----------- cls_cost -----------
2023-11-23 10:41:41,885   INFO  cfg.MODEL.DENSE_HEAD.TARGET_ASSIGNER_CONFIG.HUNGARIAN_ASSIGNER.cls_cost.gamma: 2.0
2023-11-23 10:41:41,885   INFO  cfg.MODEL.DENSE_HEAD.TARGET_ASSIGNER_CONFIG.HUNGARIAN_ASSIGNER.cls_cost.alpha: 0.25
2023-11-23 10:41:41,885   INFO  cfg.MODEL.DENSE_HEAD.TARGET_ASSIGNER_CONFIG.HUNGARIAN_ASSIGNER.cls_cost.weight: 0.15
2023-11-23 10:41:41,886   INFO  ----------- reg_cost -----------
2023-11-23 10:41:41,886   INFO  cfg.MODEL.DENSE_HEAD.TARGET_ASSIGNER_CONFIG.HUNGARIAN_ASSIGNER.reg_cost.weight: 0.25
2023-11-23 10:41:41,886   INFO  ----------- iou_cost -----------
2023-11-23 10:41:41,886   INFO  cfg.MODEL.DENSE_HEAD.TARGET_ASSIGNER_CONFIG.HUNGARIAN_ASSIGNER.iou_cost.weight: 0.25
2023-11-23 10:41:41,887   INFO  ----------- LOSS_CONFIG -----------
2023-11-23 10:41:41,887   INFO  ----------- LOSS_WEIGHTS -----------
2023-11-23 10:41:41,887   INFO  cfg.MODEL.DENSE_HEAD.LOSS_CONFIG.LOSS_WEIGHTS.cls_weight: 1.0
2023-11-23 10:41:41,887   INFO  cfg.MODEL.DENSE_HEAD.LOSS_CONFIG.LOSS_WEIGHTS.bbox_weight: 0.25
2023-11-23 10:41:41,888   INFO  cfg.MODEL.DENSE_HEAD.LOSS_CONFIG.LOSS_WEIGHTS.hm_weight: 1.0
2023-11-23 10:41:41,888   INFO  cfg.MODEL.DENSE_HEAD.LOSS_CONFIG.LOSS_WEIGHTS.iou_weight: 0.5
2023-11-23 10:41:41,888   INFO  cfg.MODEL.DENSE_HEAD.LOSS_CONFIG.LOSS_WEIGHTS.iou_reg_weight: 0.5
2023-11-23 10:41:41,888   INFO  cfg.MODEL.DENSE_HEAD.LOSS_CONFIG.LOSS_WEIGHTS.code_weights: [1.0, 1.0, 1.0, 1.0, 1.0, 1.0, 1.0, 1.0, 0.2, 0.2]
2023-11-23 10:41:41,888   INFO  ----------- LOSS_CLS -----------
2023-11-23 10:41:41,889   INFO  cfg.MODEL.DENSE_HEAD.LOSS_CONFIG.LOSS_CLS.use_sigmoid: True
2023-11-23 10:41:41,889   INFO  cfg.MODEL.DENSE_HEAD.LOSS_CONFIG.LOSS_CLS.gamma: 2.0
2023-11-23 10:41:41,889   INFO  cfg.MODEL.DENSE_HEAD.LOSS_CONFIG.LOSS_CLS.alpha: 0.25
2023-11-23 10:41:41,889   INFO  cfg.MODEL.DENSE_HEAD.LOSS_CONFIG.LOSS_IOU: True
2023-11-23 10:41:41,890   INFO  cfg.MODEL.DENSE_HEAD.LOSS_CONFIG.LOSS_IOU_REG: True
2023-11-23 10:41:41,890   INFO  ----------- POST_PROCESSING -----------
2023-11-23 10:41:41,890   INFO  cfg.MODEL.DENSE_HEAD.POST_PROCESSING.SCORE_THRESH: 0.0
2023-11-23 10:41:41,890   INFO  cfg.MODEL.DENSE_HEAD.POST_PROCESSING.POST_CENTER_RANGE: [-61.2, -61.2, -10.0, 61.2, 61.2, 10.0]
2023-11-23 10:41:41,890   INFO  cfg.MODEL.DENSE_HEAD.POST_PROCESSING.USE_IOU_TO_RECTIFY_SCORE: True
2023-11-23 10:41:41,891   INFO  cfg.MODEL.DENSE_HEAD.POST_PROCESSING.IOU_RECTIFIER: [0.5]
2023-11-23 10:41:41,891   INFO  ----------- NMS_CONFIG -----------
2023-11-23 10:41:41,891   INFO  cfg.MODEL.DENSE_HEAD.NMS_CONFIG.NMS_TYPE: nms_gpu
2023-11-23 10:41:41,891   INFO  cfg.MODEL.DENSE_HEAD.NMS_CONFIG.NMS_THRESH: 0.2
2023-11-23 10:41:41,892   INFO  cfg.MODEL.DENSE_HEAD.NMS_CONFIG.NMS_PRE_MAXSIZE: 1000
2023-11-23 10:41:41,892   INFO  cfg.MODEL.DENSE_HEAD.NMS_CONFIG.NMS_POST_MAXSIZE: 100
2023-11-23 10:41:41,892   INFO  cfg.MODEL.DENSE_HEAD.NMS_CONFIG.SCORE_THRES: 0.0
2023-11-23 10:41:41,892   INFO  ----------- POST_PROCESSING -----------
2023-11-23 10:41:41,892   INFO  cfg.MODEL.POST_PROCESSING.RECALL_THRESH_LIST: [0.3, 0.5, 0.7]
2023-11-23 10:41:41,893   INFO  cfg.MODEL.POST_PROCESSING.SCORE_THRESH: 0.1
2023-11-23 10:41:41,893   INFO  cfg.MODEL.POST_PROCESSING.OUTPUT_RAW_SCORE: False
2023-11-23 10:41:41,893   INFO  cfg.MODEL.POST_PROCESSING.EVAL_METRIC: kitti
2023-11-23 10:41:41,893   INFO  ----------- NMS_CONFIG -----------
2023-11-23 10:41:41,894   INFO  cfg.MODEL.POST_PROCESSING.NMS_CONFIG.MULTI_CLASSES_NMS: True
2023-11-23 10:41:41,894   INFO  cfg.MODEL.POST_PROCESSING.NMS_CONFIG.NMS_TYPE: nms_gpu
2023-11-23 10:41:41,894   INFO  cfg.MODEL.POST_PROCESSING.NMS_CONFIG.NMS_THRESH: 0.2
2023-11-23 10:41:41,894   INFO  cfg.MODEL.POST_PROCESSING.NMS_CONFIG.NMS_PRE_MAXSIZE: 1000
2023-11-23 10:41:41,894   INFO  cfg.MODEL.POST_PROCESSING.NMS_CONFIG.NMS_POST_MAXSIZE: 83
2023-11-23 10:41:41,895   INFO  ----------- OPTIMIZATION -----------
2023-11-23 10:41:41,895   INFO  cfg.OPTIMIZATION.BATCH_SIZE_PER_GPU: 3
2023-11-23 10:41:41,895   INFO  cfg.OPTIMIZATION.NUM_EPOCHS: 10
2023-11-23 10:41:41,895   INFO  cfg.OPTIMIZATION.OPTIMIZER: adam_onecycle
2023-11-23 10:41:41,895   INFO  cfg.OPTIMIZATION.LR: 0.003
2023-11-23 10:41:41,896   INFO  cfg.OPTIMIZATION.WEIGHT_DECAY: 0.03
2023-11-23 10:41:41,896   INFO  cfg.OPTIMIZATION.MOMENTUM: 0.9
2023-11-23 10:41:41,896   INFO  cfg.OPTIMIZATION.MOMS: [0.95, 0.85]
2023-11-23 10:41:41,896   INFO  cfg.OPTIMIZATION.PCT_START: 0.4
2023-11-23 10:41:41,897   INFO  cfg.OPTIMIZATION.DIV_FACTOR: 10
2023-11-23 10:41:41,897   INFO  cfg.OPTIMIZATION.DECAY_STEP_LIST: [35, 45]
2023-11-23 10:41:41,897   INFO  cfg.OPTIMIZATION.LR_DECAY: 0.1
2023-11-23 10:41:41,897   INFO  cfg.OPTIMIZATION.LR_CLIP: 1e-07
2023-11-23 10:41:41,897   INFO  cfg.OPTIMIZATION.LR_WARMUP: False
2023-11-23 10:41:41,898   INFO  cfg.OPTIMIZATION.WARMUP_EPOCH: 1
2023-11-23 10:41:41,898   INFO  cfg.OPTIMIZATION.GRAD_NORM_CLIP: 10
2023-11-23 10:41:41,898   INFO  cfg.OPTIMIZATION.LOSS_SCALE_FP16: 32
2023-11-23 10:41:41,898   INFO  ----------- HOOK -----------
2023-11-23 10:41:41,899   INFO  ----------- DisableAugmentationHook -----------
2023-11-23 10:41:41,899   INFO  cfg.HOOK.DisableAugmentationHook.DISABLE_AUG_LIST: ['gt_sampling']
2023-11-23 10:41:41,899   INFO  cfg.HOOK.DisableAugmentationHook.NUM_LAST_EPOCHS: 2
2023-11-23 10:41:41,899   INFO  cfg.TAG: unitr_cam
2023-11-23 10:41:41,900   INFO  cfg.EXP_GROUP_PATH: tools/cfgs/nuscenes_models
2023-11-23 10:41:41,915   INFO  ----------- Create dataloader & network & optimizer -----------
2023-11-23 10:41:42,092   INFO  Database filter by min points car: 4082 => 3303
2023-11-23 10:41:42,093   INFO  Database filter by min points truck: 451 => 412
2023-11-23 10:41:42,093   INFO  Database filter by min points construction_vehicle: 174 => 161
2023-11-23 10:41:42,093   INFO  Database filter by min points bus: 337 => 309
2023-11-23 10:41:42,093   INFO  Database filter by min points trailer: 59 => 57
2023-11-23 10:41:42,094   INFO  Database filter by min points barrier: 1851 => 1741
2023-11-23 10:41:42,094   INFO  Database filter by min points motorcycle: 179 => 149
2023-11-23 10:41:42,094   INFO  Database filter by min points bicycle: 147 => 136
2023-11-23 10:41:42,096   INFO  Database filter by min points pedestrian: 3068 => 2799
2023-11-23 10:41:42,096   INFO  Database filter by min points traffic_cone: 773 => 635
2023-11-23 10:41:42,098   INFO  Loading NuScenes dataset
2023-11-23 10:41:42,154   INFO  Total samples for NuScenes dataset: 323
2023-11-23 10:41:42,161   INFO  Total samples after balanced resampling: 1630
